<?xml version="1.0" encoding="UTF-8"?>
<testsuite xmlns:xsi="http://www.w3.org/2001/XMLSchema-instance" xsi:noNamespaceSchemaLocation="https://maven.apache.org/surefire/maven-surefire-plugin/xsd/surefire-test-report.xsd" name="com.zerobank.runners.CukesRunner" time="65.291" tests="5" errors="0" skipped="0" failures="0">
  <properties>
[...]
</properties>
  <testcase name="Savings account redirect" classname="Navigating to specific accounts in Accounts Activity" time="14.257"/>
  <testcase name="Brokerage account redirect" classname="Navigating to specific accounts in Accounts Activity" time="17.26"/>
  <testcase name="Checking account redirect" classname="Navigating to specific accounts in Accounts Activity" time="10.81"/>
  <testcase name="Credit Card account redirect" classname="Navigating to specific accounts in Accounts Activity" time="12.206"/>
  <testcase name="Loan account redirect" classname="Navigating to specific accounts in Accounts Activity" time="10.207"/>
</testsuite>